[05-May-2020 06:42:13 UTC] PHP Warning:  count(): Parameter must be an array or an object that implements Countable in C:\Users\kurum\Local Sites\tea-break\app\public\wp-includes\post-template.php on line 317
[05-May-2020 06:42:13 UTC] PHP Stack trace:
[05-May-2020 06:42:13 UTC] PHP   1. {main}() C:\Users\kurum\Local Sites\tea-break\app\public\index.php:0
[05-May-2020 06:42:13 UTC] PHP   2. require() C:\Users\kurum\Local Sites\tea-break\app\public\index.php:17
[05-May-2020 06:42:13 UTC] PHP   3. require_once() C:\Users\kurum\Local Sites\tea-break\app\public\wp-blog-header.php:19
[05-May-2020 06:42:13 UTC] PHP   4. include() C:\Users\kurum\Local Sites\tea-break\app\public\wp-includes\template-loader.php:106
[05-May-2020 06:42:13 UTC] PHP   5. the_content() C:\Users\kurum\Local Sites\tea-break\app\public\wp-content\themes\mytheme\index.php:2
[05-May-2020 06:42:13 UTC] PHP   6. get_the_content() C:\Users\kurum\Local Sites\tea-break\app\public\wp-includes\post-template.php:244
[05-May-2020 06:42:37 UTC] PHP Warning:  count(): Parameter must be an array or an object that implements Countable in C:\Users\kurum\Local Sites\tea-break\app\public\wp-includes\post-template.php on line 317
[05-May-2020 06:42:37 UTC] PHP Stack trace:
[05-May-2020 06:42:37 UTC] PHP   1. {main}() C:\Users\kurum\Local Sites\tea-break\app\public\index.php:0
[05-May-2020 06:42:37 UTC] PHP   2. require() C:\Users\kurum\Local Sites\tea-break\app\public\index.php:17
[05-May-2020 06:42:37 UTC] PHP   3. require_once() C:\Users\kurum\Local Sites\tea-break\app\public\wp-blog-header.php:19
[05-May-2020 06:42:37 UTC] PHP   4. include() C:\Users\kurum\Local Sites\tea-break\app\public\wp-includes\template-loader.php:106
[05-May-2020 06:42:37 UTC] PHP   5. the_content() C:\Users\kurum\Local Sites\tea-break\app\public\wp-content\themes\mytheme\index.php:2
[05-May-2020 06:42:37 UTC] PHP   6. get_the_content() C:\Users\kurum\Local Sites\tea-break\app\public\wp-includes\post-template.php:244
[05-May-2020 06:50:44 UTC] PHP Warning:  count(): Parameter must be an array or an object that implements Countable in C:\Users\kurum\Local Sites\tea-break\app\public\wp-includes\post-template.php on line 317
[05-May-2020 06:50:44 UTC] PHP Stack trace:
[05-May-2020 06:50:44 UTC] PHP   1. {main}() C:\Users\kurum\Local Sites\tea-break\app\public\index.php:0
[05-May-2020 06:50:44 UTC] PHP   2. require() C:\Users\kurum\Local Sites\tea-break\app\public\index.php:17
[05-May-2020 06:50:44 UTC] PHP   3. require_once() C:\Users\kurum\Local Sites\tea-break\app\public\wp-blog-header.php:19
[05-May-2020 06:50:44 UTC] PHP   4. include() C:\Users\kurum\Local Sites\tea-break\app\public\wp-includes\template-loader.php:106
[05-May-2020 06:50:44 UTC] PHP   5. the_content() C:\Users\kurum\Local Sites\tea-break\app\public\wp-content\themes\mytheme\index.php:2
[05-May-2020 06:50:44 UTC] PHP   6. get_the_content() C:\Users\kurum\Local Sites\tea-break\app\public\wp-includes\post-template.php:244
[06-May-2020 03:39:53 UTC] PHP Fatal error:  Uncaught Error: Call to undefined function filetime() in C:\Users\kurum\Local Sites\tea-break\app\public\wp-content\themes\mytheme\functions.php:17
Stack trace:
#0 C:\Users\kurum\Local Sites\tea-break\app\public\wp-includes\class-wp-hook.php(287): mytheme_enqueue('')
#1 C:\Users\kurum\Local Sites\tea-break\app\public\wp-includes\class-wp-hook.php(311): WP_Hook->apply_filters(NULL, Array)
#2 C:\Users\kurum\Local Sites\tea-break\app\public\wp-includes\plugin.php(478): WP_Hook->do_action(Array)
#3 C:\Users\kurum\Local Sites\tea-break\app\public\wp-includes\script-loader.php(2294): do_action('wp_enqueue_scri...')
#4 C:\Users\kurum\Local Sites\tea-break\app\public\wp-includes\class-wp-hook.php(287): wp_enqueue_scripts('')
#5 C:\Users\kurum\Local Sites\tea-break\app\public\wp-includes\class-wp-hook.php(311): WP_Hook->apply_filters(NULL, Array)
#6 C:\Users\kurum\Local Sites\tea-break\app\public\wp-includes\plugin.php(478): WP_Hook->do_action(Array)
#7 C:\Users\kurum\Local Sites\tea-break\app\public\wp-includes\gener in C:\Users\kurum\Local Sites\tea-break\app\public\wp-content\themes\mytheme\functions.php on line 17
[06-May-2020 03:40:02 UTC] PHP Fatal error:  Uncaught Error: Call to undefined function filetime() in C:\Users\kurum\Local Sites\tea-break\app\public\wp-content\themes\mytheme\functions.php:17
Stack trace:
#0 C:\Users\kurum\Local Sites\tea-break\app\public\wp-includes\class-wp-hook.php(287): mytheme_enqueue('')
#1 C:\Users\kurum\Local Sites\tea-break\app\public\wp-includes\class-wp-hook.php(311): WP_Hook->apply_filters(NULL, Array)
#2 C:\Users\kurum\Local Sites\tea-break\app\public\wp-includes\plugin.php(478): WP_Hook->do_action(Array)
#3 C:\Users\kurum\Local Sites\tea-break\app\public\wp-includes\script-loader.php(2294): do_action('wp_enqueue_scri...')
#4 C:\Users\kurum\Local Sites\tea-break\app\public\wp-includes\class-wp-hook.php(287): wp_enqueue_scripts('')
#5 C:\Users\kurum\Local Sites\tea-break\app\public\wp-includes\class-wp-hook.php(311): WP_Hook->apply_filters(NULL, Array)
#6 C:\Users\kurum\Local Sites\tea-break\app\public\wp-includes\plugin.php(478): WP_Hook->do_action(Array)
#7 C:\Users\kurum\Local Sites\tea-break\app\public\wp-includes\gener in C:\Users\kurum\Local Sites\tea-break\app\public\wp-content\themes\mytheme\functions.php on line 17
[06-May-2020 03:40:21 UTC] PHP Fatal error:  Uncaught Error: Call to undefined function filetime() in C:\Users\kurum\Local Sites\tea-break\app\public\wp-content\themes\mytheme\functions.php:17
Stack trace:
#0 C:\Users\kurum\Local Sites\tea-break\app\public\wp-includes\class-wp-hook.php(287): mytheme_enqueue('')
#1 C:\Users\kurum\Local Sites\tea-break\app\public\wp-includes\class-wp-hook.php(311): WP_Hook->apply_filters(NULL, Array)
#2 C:\Users\kurum\Local Sites\tea-break\app\public\wp-includes\plugin.php(478): WP_Hook->do_action(Array)
#3 C:\Users\kurum\Local Sites\tea-break\app\public\wp-includes\script-loader.php(2294): do_action('wp_enqueue_scri...')
#4 C:\Users\kurum\Local Sites\tea-break\app\public\wp-includes\class-wp-hook.php(287): wp_enqueue_scripts('')
#5 C:\Users\kurum\Local Sites\tea-break\app\public\wp-includes\class-wp-hook.php(311): WP_Hook->apply_filters(NULL, Array)
#6 C:\Users\kurum\Local Sites\tea-break\app\public\wp-includes\plugin.php(478): WP_Hook->do_action(Array)
#7 C:\Users\kurum\Local Sites\tea-break\app\public\wp-includes\gener in C:\Users\kurum\Local Sites\tea-break\app\public\wp-content\themes\mytheme\functions.php on line 17
[06-May-2020 03:41:52 UTC] PHP Fatal error:  Uncaught Error: Call to undefined function filetime() in C:\Users\kurum\Local Sites\tea-break\app\public\wp-content\themes\mytheme\functions.php:17
Stack trace:
#0 C:\Users\kurum\Local Sites\tea-break\app\public\wp-includes\class-wp-hook.php(287): mytheme_enqueue('')
#1 C:\Users\kurum\Local Sites\tea-break\app\public\wp-includes\class-wp-hook.php(311): WP_Hook->apply_filters(NULL, Array)
#2 C:\Users\kurum\Local Sites\tea-break\app\public\wp-includes\plugin.php(478): WP_Hook->do_action(Array)
#3 C:\Users\kurum\Local Sites\tea-break\app\public\wp-includes\script-loader.php(2294): do_action('wp_enqueue_scri...')
#4 C:\Users\kurum\Local Sites\tea-break\app\public\wp-includes\class-wp-hook.php(287): wp_enqueue_scripts('')
#5 C:\Users\kurum\Local Sites\tea-break\app\public\wp-includes\class-wp-hook.php(311): WP_Hook->apply_filters(NULL, Array)
#6 C:\Users\kurum\Local Sites\tea-break\app\public\wp-includes\plugin.php(478): WP_Hook->do_action(Array)
#7 C:\Users\kurum\Local Sites\tea-break\app\public\wp-includes\gener in C:\Users\kurum\Local Sites\tea-break\app\public\wp-content\themes\mytheme\functions.php on line 17
[09-May-2020 04:50:08 UTC] PHP Parse error:  syntax error, unexpected ')', expecting ',' or ';' in C:\Users\kurum\Local Sites\tea-break\app\public\wp-content\themes\mytheme\index.php on line 13
[09-May-2020 09:49:45 UTC] PHP Parse error:  syntax error, unexpected 'endif' (T_ENDIF) in C:\Users\kurum\Local Sites\tea-break\app\public\wp-content\themes\mytheme\home.php on line 18
[09-May-2020 09:51:20 UTC] PHP Parse error:  syntax error, unexpected 'endif' (T_ENDIF) in C:\Users\kurum\Local Sites\tea-break\app\public\wp-content\themes\mytheme\home.php on line 18
[09-May-2020 10:38:27 UTC] PHP Parse error:  syntax error, unexpected ':' in C:\Users\kurum\Local Sites\tea-break\app\public\wp-content\themes\mytheme\home.php on line 29
[11-May-2020 11:58:30 UTC] PHP Parse error:  syntax error, unexpected 'endif' (T_ENDIF), expecting end of file in C:\Users\kurum\Local Sites\tea-break\app\public\wp-content\themes\mytheme\sidebar.php on line 3
[17-May-2020 07:00:18 UTC] PHP Fatal error:  Uncaught Error: Call to undefined function blogonfo() in C:\Users\kurum\Local Sites\tea-break\app\public\wp-content\themes\mytheme\header.php:8
Stack trace:
#0 C:\Users\kurum\Local Sites\tea-break\app\public\wp-includes\template.php(723): require_once()
#1 C:\Users\kurum\Local Sites\tea-break\app\public\wp-includes\template.php(672): load_template('C:\\Users\\kurum\\...', true)
#2 C:\Users\kurum\Local Sites\tea-break\app\public\wp-includes\general-template.php(41): locate_template(Array, true)
#3 C:\Users\kurum\Local Sites\tea-break\app\public\wp-content\themes\mytheme\single.php(1): get_header()
#4 C:\Users\kurum\Local Sites\tea-break\app\public\wp-includes\template-loader.php(106): include('C:\\Users\\kurum\\...')
#5 C:\Users\kurum\Local Sites\tea-break\app\public\wp-blog-header.php(19): require_once('C:\\Users\\kurum\\...')
#6 C:\Users\kurum\Local Sites\tea-break\app\public\index.php(17): require('C:\\Users\\kurum\\...')
#7 {main}
  thrown in C:\Users\kurum\Local Sites\tea-break\app\public\wp-content\themes\mytheme\header.php on line 8
[08-Aug-2020 12:44:04 UTC] PHP Warning:  Failed loading Zend extension 'php_opcache.dll' (tried: C:/Users/kurum/AppData/Local/Programs/Local/resources/extraResources/lightning-services/php-7.3.5+6/bin/win64/ext\php_opcache.dll (指定されたモジュールが見つかりません。), C:/Users/kurum/AppData/Local/Programs/Local/resources/extraResources/lightning-services/php-7.3.5+6/bin/win64/ext\php_php_opcache.dll.dll (指定されたモジュールが見つかりません。)) in Unknown on line 0
[08-Aug-2020 12:44:04 UTC] PHP Warning:  Failed loading Zend extension 'php_opcache.dll' (tried: C:/Users/kurum/AppData/Local/Programs/Local/resources/extraResources/lightning-services/php-7.3.5+6/bin/win64/ext\php_opcache.dll (指定されたモジュールが見つかりません。), C:/Users/kurum/AppData/Local/Programs/Local/resources/extraResources/lightning-services/php-7.3.5+6/bin/win64/ext\php_php_opcache.dll.dll (指定されたモジュールが見つかりません。)) in Unknown on line 0
[08-Aug-2020 12:44:04 UTC] PHP Warning:  Failed loading Zend extension 'php_xdebug.dll' (tried: C:/Users/kurum/AppData/Local/Programs/Local/resources/extraResources/lightning-services/php-7.3.5+6/bin/win64/ext\php_xdebug.dll (指定されたモジュールが見つかりません。), C:/Users/kurum/AppData/Local/Programs/Local/resources/extraResources/lightning-services/php-7.3.5+6/bin/win64/ext\php_php_xdebug.dll.dll (指定されたモジュールが見つかりません。)) in Unknown on line 0
[08-Aug-2020 12:44:04 UTC] PHP Warning:  Failed loading Zend extension 'php_opcache.dll' (tried: C:/Users/kurum/AppData/Local/Programs/Local/resources/extraResources/lightning-services/php-7.3.5+6/bin/win64/ext\php_opcache.dll (指定されたモジュールが見つかりません。), C:/Users/kurum/AppData/Local/Programs/Local/resources/extraResources/lightning-services/php-7.3.5+6/bin/win64/ext\php_php_opcache.dll.dll (指定されたモジュールが見つかりません。)) in Unknown on line 0
[08-Aug-2020 12:44:04 UTC] PHP Warning:  Failed loading Zend extension 'php_xdebug.dll' (tried: C:/Users/kurum/AppData/Local/Programs/Local/resources/extraResources/lightning-services/php-7.3.5+6/bin/win64/ext\php_xdebug.dll (指定されたモジュールが見つかりません。), C:/Users/kurum/AppData/Local/Programs/Local/resources/extraResources/lightning-services/php-7.3.5+6/bin/win64/ext\php_php_xdebug.dll.dll (指定されたモジュールが見つかりません。)) in Unknown on line 0
[08-Aug-2020 12:44:04 UTC] PHP Warning:  PHP Startup: Unable to load dynamic library 'php_curl.dll' (tried: C:/Users/kurum/AppData/Local/Programs/Local/resources/extraResources/lightning-services/php-7.3.5+6/bin/win64/ext\php_curl.dll (指定されたモジュールが見つかりません。), C:/Users/kurum/AppData/Local/Programs/Local/resources/extraResources/lightning-services/php-7.3.5+6/bin/win64/ext\php_php_curl.dll.dll (指定されたモジュールが見つかりません。)) in Unknown on line 0
[08-Aug-2020 12:44:04 UTC] PHP Warning:  Failed loading Zend extension 'php_xdebug.dll' (tried: C:/Users/kurum/AppData/Local/Programs/Local/resources/extraResources/lightning-services/php-7.3.5+6/bin/win64/ext\php_xdebug.dll (指定されたモジュールが見つかりません。), C:/Users/kurum/AppData/Local/Programs/Local/resources/extraResources/lightning-services/php-7.3.5+6/bin/win64/ext\php_php_xdebug.dll.dll (指定されたモジュールが見つかりません。)) in Unknown on line 0
[08-Aug-2020 12:44:05 UTC] PHP Warning:  PHP Startup: Unable to load dynamic library 'php_curl.dll' (tried: C:/Users/kurum/AppData/Local/Programs/Local/resources/extraResources/lightning-services/php-7.3.5+6/bin/win64/ext\php_curl.dll (指定されたモジュールが見つかりません。), C:/Users/kurum/AppData/Local/Programs/Local/resources/extraResources/lightning-services/php-7.3.5+6/bin/win64/ext\php_php_curl.dll.dll (指定されたモジュールが見つかりません。)) in Unknown on line 0
[08-Aug-2020 12:44:05 UTC] PHP Warning:  PHP Startup: Unable to load dynamic library 'php_gettext.dll' (tried: C:/Users/kurum/AppData/Local/Programs/Local/resources/extraResources/lightning-services/php-7.3.5+6/bin/win64/ext\php_gettext.dll (指定されたモジュールが見つかりません。), C:/Users/kurum/AppData/Local/Programs/Local/resources/extraResources/lightning-services/php-7.3.5+6/bin/win64/ext\php_php_gettext.dll.dll (指定されたモジュールが見つかりません。)) in Unknown on line 0
[08-Aug-2020 12:44:05 UTC] PHP Warning:  PHP Startup: Unable to load dynamic library 'php_curl.dll' (tried: C:/Users/kurum/AppData/Local/Programs/Local/resources/extraResources/lightning-services/php-7.3.5+6/bin/win64/ext\php_curl.dll (指定されたモジュールが見つかりません。), C:/Users/kurum/AppData/Local/Programs/Local/resources/extraResources/lightning-services/php-7.3.5+6/bin/win64/ext\php_php_curl.dll.dll (指定されたモジュールが見つかりません。)) in Unknown on line 0
[08-Aug-2020 12:44:05 UTC] PHP Warning:  PHP Startup: Unable to load dynamic library 'php_gettext.dll' (tried: C:/Users/kurum/AppData/Local/Programs/Local/resources/extraResources/lightning-services/php-7.3.5+6/bin/win64/ext\php_gettext.dll (指定されたモジュールが見つかりません。), C:/Users/kurum/AppData/Local/Programs/Local/resources/extraResources/lightning-services/php-7.3.5+6/bin/win64/ext\php_php_gettext.dll.dll (指定されたモジュールが見つかりません。)) in Unknown on line 0
[08-Aug-2020 12:44:05 UTC] PHP Warning:  PHP Startup: Unable to load dynamic library 'php_openssl.dll' (tried: C:/Users/kurum/AppData/Local/Programs/Local/resources/extraResources/lightning-services/php-7.3.5+6/bin/win64/ext\php_openssl.dll (指定されたモジュールが見つかりません。), C:/Users/kurum/AppData/Local/Programs/Local/resources/extraResources/lightning-services/php-7.3.5+6/bin/win64/ext\php_php_openssl.dll.dll (指定されたモジュールが見つかりません。)) in Unknown on line 0
[08-Aug-2020 12:44:05 UTC] PHP Warning:  PHP Startup: Unable to load dynamic library 'php_gettext.dll' (tried: C:/Users/kurum/AppData/Local/Programs/Local/resources/extraResources/lightning-services/php-7.3.5+6/bin/win64/ext\php_gettext.dll (指定されたモジュールが見つかりません。), C:/Users/kurum/AppData/Local/Programs/Local/resources/extraResources/lightning-services/php-7.3.5+6/bin/win64/ext\php_php_gettext.dll.dll (指定されたモジュールが見つかりません。)) in Unknown on line 0
[08-Aug-2020 12:44:05 UTC] PHP Warning:  PHP Startup: Unable to load dynamic library 'php_openssl.dll' (tried: C:/Users/kurum/AppData/Local/Programs/Local/resources/extraResources/lightning-services/php-7.3.5+6/bin/win64/ext\php_openssl.dll (指定されたモジュールが見つかりません。), C:/Users/kurum/AppData/Local/Programs/Local/resources/extraResources/lightning-services/php-7.3.5+6/bin/win64/ext\php_php_openssl.dll.dll (指定されたモジュールが見つかりません。)) in Unknown on line 0
[08-Aug-2020 12:44:05 UTC] PHP Warning:  PHP Startup: Unable to load dynamic library 'php_exif.dll' (tried: C:/Users/kurum/AppData/Local/Programs/Local/resources/extraResources/lightning-services/php-7.3.5+6/bin/win64/ext\php_exif.dll (指定されたモジュールが見つかりません。), C:/Users/kurum/AppData/Local/Programs/Local/resources/extraResources/lightning-services/php-7.3.5+6/bin/win64/ext\php_php_exif.dll.dll (指定されたモジュールが見つかりません。)) in Unknown on line 0
[08-Aug-2020 12:44:05 UTC] PHP Warning:  PHP Startup: Unable to load dynamic library 'php_openssl.dll' (tried: C:/Users/kurum/AppData/Local/Programs/Local/resources/extraResources/lightning-services/php-7.3.5+6/bin/win64/ext\php_openssl.dll (指定されたモジュールが見つかりません。), C:/Users/kurum/AppData/Local/Programs/Local/resources/extraResources/lightning-services/php-7.3.5+6/bin/win64/ext\php_php_openssl.dll.dll (指定されたモジュールが見つかりません。)) in Unknown on line 0
[08-Aug-2020 12:44:05 UTC] PHP Warning:  PHP Startup: Unable to load dynamic library 'php_exif.dll' (tried: C:/Users/kurum/AppData/Local/Programs/Local/resources/extraResources/lightning-services/php-7.3.5+6/bin/win64/ext\php_exif.dll (指定されたモジュールが見つかりません。), C:/Users/kurum/AppData/Local/Programs/Local/resources/extraResources/lightning-services/php-7.3.5+6/bin/win64/ext\php_php_exif.dll.dll (指定されたモジュールが見つかりません。)) in Unknown on line 0
[08-Aug-2020 12:44:05 UTC] PHP Warning:  PHP Startup: Unable to load dynamic library 'php_gd2.dll' (tried: C:/Users/kurum/AppData/Local/Programs/Local/resources/extraResources/lightning-services/php-7.3.5+6/bin/win64/ext\php_gd2.dll (指定されたモジュールが見つかりません。), C:/Users/kurum/AppData/Local/Programs/Local/resources/extraResources/lightning-services/php-7.3.5+6/bin/win64/ext\php_php_gd2.dll.dll (指定されたモジュールが見つかりません。)) in Unknown on line 0
[08-Aug-2020 12:44:05 UTC] PHP Warning:  PHP Startup: Unable to load dynamic library 'php_exif.dll' (tried: C:/Users/kurum/AppData/Local/Programs/Local/resources/extraResources/lightning-services/php-7.3.5+6/bin/win64/ext\php_exif.dll (指定されたモジュールが見つかりません。), C:/Users/kurum/AppData/Local/Programs/Local/resources/extraResources/lightning-services/php-7.3.5+6/bin/win64/ext\php_php_exif.dll.dll (指定されたモジュールが見つかりません。)) in Unknown on line 0
[08-Aug-2020 12:44:05 UTC] PHP Warning:  PHP Startup: Unable to load dynamic library 'php_gd2.dll' (tried: C:/Users/kurum/AppData/Local/Programs/Local/resources/extraResources/lightning-services/php-7.3.5+6/bin/win64/ext\php_gd2.dll (指定されたモジュールが見つかりません。), C:/Users/kurum/AppData/Local/Programs/Local/resources/extraResources/lightning-services/php-7.3.5+6/bin/win64/ext\php_php_gd2.dll.dll (指定されたモジュールが見つかりません。)) in Unknown on line 0
[08-Aug-2020 12:44:05 UTC] PHP Warning:  PHP Startup: Unable to load dynamic library 'php_ftp.dll' (tried: C:/Users/kurum/AppData/Local/Programs/Local/resources/extraResources/lightning-services/php-7.3.5+6/bin/win64/ext\php_ftp.dll (指定されたモジュールが見つかりません。), C:/Users/kurum/AppData/Local/Programs/Local/resources/extraResources/lightning-services/php-7.3.5+6/bin/win64/ext\php_php_ftp.dll.dll (指定されたモジュールが見つかりません。)) in Unknown on line 0
[08-Aug-2020 12:44:05 UTC] PHP Warning:  PHP Startup: Unable to load dynamic library 'php_gd2.dll' (tried: C:/Users/kurum/AppData/Local/Programs/Local/resources/extraResources/lightning-services/php-7.3.5+6/bin/win64/ext\php_gd2.dll (指定されたモジュールが見つかりません。), C:/Users/kurum/AppData/Local/Programs/Local/resources/extraResources/lightning-services/php-7.3.5+6/bin/win64/ext\php_php_gd2.dll.dll (指定されたモジュールが見つかりません。)) in Unknown on line 0
[08-Aug-2020 12:44:05 UTC] PHP Warning:  PHP Startup: Unable to load dynamic library 'php_ftp.dll' (tried: C:/Users/kurum/AppData/Local/Programs/Local/resources/extraResources/lightning-services/php-7.3.5+6/bin/win64/ext\php_ftp.dll (指定されたモジュールが見つかりません。), C:/Users/kurum/AppData/Local/Programs/Local/resources/extraResources/lightning-services/php-7.3.5+6/bin/win64/ext\php_php_ftp.dll.dll (指定されたモジュールが見つかりません。)) in Unknown on line 0
[08-Aug-2020 12:44:05 UTC] PHP Warning:  PHP Startup: Unable to load dynamic library 'php_imap.dll' (tried: C:/Users/kurum/AppData/Local/Programs/Local/resources/extraResources/lightning-services/php-7.3.5+6/bin/win64/ext\php_imap.dll (指定されたモジュールが見つかりません。), C:/Users/kurum/AppData/Local/Programs/Local/resources/extraResources/lightning-services/php-7.3.5+6/bin/win64/ext\php_php_imap.dll.dll (指定されたモジュールが見つかりません。)) in Unknown on line 0
[08-Aug-2020 12:44:05 UTC] PHP Warning:  PHP Startup: Unable to load dynamic library 'php_ftp.dll' (tried: C:/Users/kurum/AppData/Local/Programs/Local/resources/extraResources/lightning-services/php-7.3.5+6/bin/win64/ext\php_ftp.dll (指定されたモジュールが見つかりません。), C:/Users/kurum/AppData/Local/Programs/Local/resources/extraResources/lightning-services/php-7.3.5+6/bin/win64/ext\php_php_ftp.dll.dll (指定されたモジュールが見つかりません。)) in Unknown on line 0
[08-Aug-2020 12:44:05 UTC] PHP Warning:  PHP Startup: Unable to load dynamic library 'php_imap.dll' (tried: C:/Users/kurum/AppData/Local/Programs/Local/resources/extraResources/lightning-services/php-7.3.5+6/bin/win64/ext\php_imap.dll (指定されたモジュールが見つかりません。), C:/Users/kurum/AppData/Local/Programs/Local/resources/extraResources/lightning-services/php-7.3.5+6/bin/win64/ext\php_php_imap.dll.dll (指定されたモジュールが見つかりません。)) in Unknown on line 0
[08-Aug-2020 12:44:05 UTC] PHP Warning:  PHP Startup: Unable to load dynamic library 'php_bz2.dll' (tried: C:/Users/kurum/AppData/Local/Programs/Local/resources/extraResources/lightning-services/php-7.3.5+6/bin/win64/ext\php_bz2.dll (指定されたモジュールが見つかりません。), C:/Users/kurum/AppData/Local/Programs/Local/resources/extraResources/lightning-services/php-7.3.5+6/bin/win64/ext\php_php_bz2.dll.dll (指定されたモジュールが見つかりません。)) in Unknown on line 0
[08-Aug-2020 12:44:05 UTC] PHP Warning:  PHP Startup: Unable to load dynamic library 'php_imap.dll' (tried: C:/Users/kurum/AppData/Local/Programs/Local/resources/extraResources/lightning-services/php-7.3.5+6/bin/win64/ext\php_imap.dll (指定されたモジュールが見つかりません。), C:/Users/kurum/AppData/Local/Programs/Local/resources/extraResources/lightning-services/php-7.3.5+6/bin/win64/ext\php_php_imap.dll.dll (指定されたモジュールが見つかりません。)) in Unknown on line 0
[08-Aug-2020 12:44:05 UTC] PHP Warning:  PHP Startup: Unable to load dynamic library 'php_bz2.dll' (tried: C:/Users/kurum/AppData/Local/Programs/Local/resources/extraResources/lightning-services/php-7.3.5+6/bin/win64/ext\php_bz2.dll (指定されたモジュールが見つかりません。), C:/Users/kurum/AppData/Local/Programs/Local/resources/extraResources/lightning-services/php-7.3.5+6/bin/win64/ext\php_php_bz2.dll.dll (指定されたモジュールが見つかりません。)) in Unknown on line 0
[08-Aug-2020 12:44:05 UTC] PHP Warning:  PHP Startup: Unable to load dynamic library 'php_mbstring.dll' (tried: C:/Users/kurum/AppData/Local/Programs/Local/resources/extraResources/lightning-services/php-7.3.5+6/bin/win64/ext\php_mbstring.dll (指定されたモジュールが見つかりません。), C:/Users/kurum/AppData/Local/Programs/Local/resources/extraResources/lightning-services/php-7.3.5+6/bin/win64/ext\php_php_mbstring.dll.dll (指定されたモジュールが見つかりません。)) in Unknown on line 0
[08-Aug-2020 12:44:05 UTC] PHP Warning:  PHP Startup: Unable to load dynamic library 'php_bz2.dll' (tried: C:/Users/kurum/AppData/Local/Programs/Local/resources/extraResources/lightning-services/php-7.3.5+6/bin/win64/ext\php_bz2.dll (指定されたモジュールが見つかりません。), C:/Users/kurum/AppData/Local/Programs/Local/resources/extraResources/lightning-services/php-7.3.5+6/bin/win64/ext\php_php_bz2.dll.dll (指定されたモジュールが見つかりません。)) in Unknown on line 0
[08-Aug-2020 12:44:05 UTC] PHP Warning:  PHP Startup: Unable to load dynamic library 'php_mbstring.dll' (tried: C:/Users/kurum/AppData/Local/Programs/Local/resources/extraResources/lightning-services/php-7.3.5+6/bin/win64/ext\php_mbstring.dll (指定されたモジュールが見つかりません。), C:/Users/kurum/AppData/Local/Programs/Local/resources/extraResources/lightning-services/php-7.3.5+6/bin/win64/ext\php_php_mbstring.dll.dll (指定されたモジュールが見つかりません。)) in Unknown on line 0
[08-Aug-2020 12:44:05 UTC] PHP Warning:  PHP Startup: Unable to load dynamic library 'php_sodium.dll' (tried: C:/Users/kurum/AppData/Local/Programs/Local/resources/extraResources/lightning-services/php-7.3.5+6/bin/win64/ext\php_sodium.dll (指定されたモジュールが見つかりません。), C:/Users/kurum/AppData/Local/Programs/Local/resources/extraResources/lightning-services/php-7.3.5+6/bin/win64/ext\php_php_sodium.dll.dll (指定されたモジュールが見つかりません。)) in Unknown on line 0
[08-Aug-2020 12:44:05 UTC] PHP Warning:  PHP Startup: Unable to load dynamic library 'php_mbstring.dll' (tried: C:/Users/kurum/AppData/Local/Programs/Local/resources/extraResources/lightning-services/php-7.3.5+6/bin/win64/ext\php_mbstring.dll (指定されたモジュールが見つかりません。), C:/Users/kurum/AppData/Local/Programs/Local/resources/extraResources/lightning-services/php-7.3.5+6/bin/win64/ext\php_php_mbstring.dll.dll (指定されたモジュールが見つかりません。)) in Unknown on line 0
[08-Aug-2020 12:44:05 UTC] PHP Warning:  PHP Startup: Unable to load dynamic library 'php_sodium.dll' (tried: C:/Users/kurum/AppData/Local/Programs/Local/resources/extraResources/lightning-services/php-7.3.5+6/bin/win64/ext\php_sodium.dll (指定されたモジュールが見つかりません。), C:/Users/kurum/AppData/Local/Programs/Local/resources/extraResources/lightning-services/php-7.3.5+6/bin/win64/ext\php_php_sodium.dll.dll (指定されたモジュールが見つかりません。)) in Unknown on line 0
[08-Aug-2020 12:44:05 UTC] PHP Warning:  PHP Startup: Unable to load dynamic library 'php_tidy.dll' (tried: C:/Users/kurum/AppData/Local/Programs/Local/resources/extraResources/lightning-services/php-7.3.5+6/bin/win64/ext\php_tidy.dll (指定されたモジュールが見つかりません。), C:/Users/kurum/AppData/Local/Programs/Local/resources/extraResources/lightning-services/php-7.3.5+6/bin/win64/ext\php_php_tidy.dll.dll (指定されたモジュールが見つかりません。)) in Unknown on line 0
[08-Aug-2020 12:44:05 UTC] PHP Warning:  PHP Startup: Unable to load dynamic library 'php_sodium.dll' (tried: C:/Users/kurum/AppData/Local/Programs/Local/resources/extraResources/lightning-services/php-7.3.5+6/bin/win64/ext\php_sodium.dll (指定されたモジュールが見つかりません。), C:/Users/kurum/AppData/Local/Programs/Local/resources/extraResources/lightning-services/php-7.3.5+6/bin/win64/ext\php_php_sodium.dll.dll (指定されたモジュールが見つかりません。)) in Unknown on line 0
[08-Aug-2020 12:44:05 UTC] PHP Warning:  PHP Startup: Unable to load dynamic library 'php_tidy.dll' (tried: C:/Users/kurum/AppData/Local/Programs/Local/resources/extraResources/lightning-services/php-7.3.5+6/bin/win64/ext\php_tidy.dll (指定されたモジュールが見つかりません。), C:/Users/kurum/AppData/Local/Programs/Local/resources/extraResources/lightning-services/php-7.3.5+6/bin/win64/ext\php_php_tidy.dll.dll (指定されたモジュールが見つかりません。)) in Unknown on line 0
[08-Aug-2020 12:44:05 UTC] PHP Warning:  PHP Startup: Unable to load dynamic library 'php_xsl.dll' (tried: C:/Users/kurum/AppData/Local/Programs/Local/resources/extraResources/lightning-services/php-7.3.5+6/bin/win64/ext\php_xsl.dll (指定されたモジュールが見つかりません。), C:/Users/kurum/AppData/Local/Programs/Local/resources/extraResources/lightning-services/php-7.3.5+6/bin/win64/ext\php_php_xsl.dll.dll (指定されたモジュールが見つかりません。)) in Unknown on line 0
[08-Aug-2020 12:44:05 UTC] PHP Warning:  PHP Startup: Unable to load dynamic library 'php_tidy.dll' (tried: C:/Users/kurum/AppData/Local/Programs/Local/resources/extraResources/lightning-services/php-7.3.5+6/bin/win64/ext\php_tidy.dll (指定されたモジュールが見つかりません。), C:/Users/kurum/AppData/Local/Programs/Local/resources/extraResources/lightning-services/php-7.3.5+6/bin/win64/ext\php_php_tidy.dll.dll (指定されたモジュールが見つかりません。)) in Unknown on line 0
[08-Aug-2020 12:44:05 UTC] PHP Warning:  PHP Startup: Unable to load dynamic library 'php_xsl.dll' (tried: C:/Users/kurum/AppData/Local/Programs/Local/resources/extraResources/lightning-services/php-7.3.5+6/bin/win64/ext\php_xsl.dll (指定されたモジュールが見つかりません。), C:/Users/kurum/AppData/Local/Programs/Local/resources/extraResources/lightning-services/php-7.3.5+6/bin/win64/ext\php_php_xsl.dll.dll (指定されたモジュールが見つかりません。)) in Unknown on line 0
[08-Aug-2020 12:44:05 UTC] PHP Warning:  PHP Startup: Unable to load dynamic library 'php_xmlrpc.dll' (tried: C:/Users/kurum/AppData/Local/Programs/Local/resources/extraResources/lightning-services/php-7.3.5+6/bin/win64/ext\php_xmlrpc.dll (指定されたモジュールが見つかりません。), C:/Users/kurum/AppData/Local/Programs/Local/resources/extraResources/lightning-services/php-7.3.5+6/bin/win64/ext\php_php_xmlrpc.dll.dll (指定されたモジュールが見つかりません。)) in Unknown on line 0
[08-Aug-2020 12:44:05 UTC] PHP Warning:  PHP Startup: Unable to load dynamic library 'php_xsl.dll' (tried: C:/Users/kurum/AppData/Local/Programs/Local/resources/extraResources/lightning-services/php-7.3.5+6/bin/win64/ext\php_xsl.dll (指定されたモジュールが見つかりません。), C:/Users/kurum/AppData/Local/Programs/Local/resources/extraResources/lightning-services/php-7.3.5+6/bin/win64/ext\php_php_xsl.dll.dll (指定されたモジュールが見つかりません。)) in Unknown on line 0
[08-Aug-2020 12:44:05 UTC] PHP Warning:  PHP Startup: Unable to load dynamic library 'php_xmlrpc.dll' (tried: C:/Users/kurum/AppData/Local/Programs/Local/resources/extraResources/lightning-services/php-7.3.5+6/bin/win64/ext\php_xmlrpc.dll (指定されたモジュールが見つかりません。), C:/Users/kurum/AppData/Local/Programs/Local/resources/extraResources/lightning-services/php-7.3.5+6/bin/win64/ext\php_php_xmlrpc.dll.dll (指定されたモジュールが見つかりません。)) in Unknown on line 0
[08-Aug-2020 12:44:05 UTC] PHP Warning:  PHP Startup: Unable to load dynamic library 'php_soap.dll' (tried: C:/Users/kurum/AppData/Local/Programs/Local/resources/extraResources/lightning-services/php-7.3.5+6/bin/win64/ext\php_soap.dll (指定されたモジュールが見つかりません。), C:/Users/kurum/AppData/Local/Programs/Local/resources/extraResources/lightning-services/php-7.3.5+6/bin/win64/ext\php_php_soap.dll.dll (指定されたモジュールが見つかりません。)) in Unknown on line 0
[08-Aug-2020 12:44:05 UTC] PHP Warning:  PHP Startup: Unable to load dynamic library 'php_xmlrpc.dll' (tried: C:/Users/kurum/AppData/Local/Programs/Local/resources/extraResources/lightning-services/php-7.3.5+6/bin/win64/ext\php_xmlrpc.dll (指定されたモジュールが見つかりません。), C:/Users/kurum/AppData/Local/Programs/Local/resources/extraResources/lightning-services/php-7.3.5+6/bin/win64/ext\php_php_xmlrpc.dll.dll (指定されたモジュールが見つかりません。)) in Unknown on line 0
[08-Aug-2020 12:44:05 UTC] PHP Warning:  PHP Startup: Unable to load dynamic library 'php_soap.dll' (tried: C:/Users/kurum/AppData/Local/Programs/Local/resources/extraResources/lightning-services/php-7.3.5+6/bin/win64/ext\php_soap.dll (指定されたモジュールが見つかりません。), C:/Users/kurum/AppData/Local/Programs/Local/resources/extraResources/lightning-services/php-7.3.5+6/bin/win64/ext\php_php_soap.dll.dll (指定されたモジュールが見つかりません。)) in Unknown on line 0
[08-Aug-2020 12:44:05 UTC] PHP Warning:  PHP Startup: Unable to load dynamic library 'php_mysqli.dll' (tried: C:/Users/kurum/AppData/Local/Programs/Local/resources/extraResources/lightning-services/php-7.3.5+6/bin/win64/ext\php_mysqli.dll (指定されたモジュールが見つかりません。), C:/Users/kurum/AppData/Local/Programs/Local/resources/extraResources/lightning-services/php-7.3.5+6/bin/win64/ext\php_php_mysqli.dll.dll (指定されたモジュールが見つかりません。)) in Unknown on line 0
[08-Aug-2020 12:44:05 UTC] PHP Warning:  PHP Startup: Unable to load dynamic library 'php_soap.dll' (tried: C:/Users/kurum/AppData/Local/Programs/Local/resources/extraResources/lightning-services/php-7.3.5+6/bin/win64/ext\php_soap.dll (指定されたモジュールが見つかりません。), C:/Users/kurum/AppData/Local/Programs/Local/resources/extraResources/lightning-services/php-7.3.5+6/bin/win64/ext\php_php_soap.dll.dll (指定されたモジュールが見つかりません。)) in Unknown on line 0
[08-Aug-2020 12:44:05 UTC] PHP Warning:  PHP Startup: Unable to load dynamic library 'php_mysqli.dll' (tried: C:/Users/kurum/AppData/Local/Programs/Local/resources/extraResources/lightning-services/php-7.3.5+6/bin/win64/ext\php_mysqli.dll (指定されたモジュールが見つかりません。), C:/Users/kurum/AppData/Local/Programs/Local/resources/extraResources/lightning-services/php-7.3.5+6/bin/win64/ext\php_php_mysqli.dll.dll (指定されたモジュールが見つかりません。)) in Unknown on line 0
[08-Aug-2020 12:44:05 UTC] PHP Warning:  PHP Startup: Unable to load dynamic library 'php_pdo_mysql.dll' (tried: C:/Users/kurum/AppData/Local/Programs/Local/resources/extraResources/lightning-services/php-7.3.5+6/bin/win64/ext\php_pdo_mysql.dll (指定されたモジュールが見つかりません。), C:/Users/kurum/AppData/Local/Programs/Local/resources/extraResources/lightning-services/php-7.3.5+6/bin/win64/ext\php_php_pdo_mysql.dll.dll (指定されたモジュールが見つかりません。)) in Unknown on line 0
[08-Aug-2020 12:44:05 UTC] PHP Warning:  PHP Startup: Unable to load dynamic library 'php_mysqli.dll' (tried: C:/Users/kurum/AppData/Local/Programs/Local/resources/extraResources/lightning-services/php-7.3.5+6/bin/win64/ext\php_mysqli.dll (指定されたモジュールが見つかりません。), C:/Users/kurum/AppData/Local/Programs/Local/resources/extraResources/lightning-services/php-7.3.5+6/bin/win64/ext\php_php_mysqli.dll.dll (指定されたモジュールが見つかりません。)) in Unknown on line 0
[08-Aug-2020 12:44:05 UTC] PHP Warning:  PHP Startup: Unable to load dynamic library 'php_pdo_mysql.dll' (tried: C:/Users/kurum/AppData/Local/Programs/Local/resources/extraResources/lightning-services/php-7.3.5+6/bin/win64/ext\php_pdo_mysql.dll (指定されたモジュールが見つかりません。), C:/Users/kurum/AppData/Local/Programs/Local/resources/extraResources/lightning-services/php-7.3.5+6/bin/win64/ext\php_php_pdo_mysql.dll.dll (指定されたモジュールが見つかりません。)) in Unknown on line 0
[08-Aug-2020 12:44:05 UTC] PHP Warning:  PHP Startup: Unable to load dynamic library 'php_pdo_mysql.dll' (tried: C:/Users/kurum/AppData/Local/Programs/Local/resources/extraResources/lightning-services/php-7.3.5+6/bin/win64/ext\php_pdo_mysql.dll (指定されたモジュールが見つかりません。), C:/Users/kurum/AppData/Local/Programs/Local/resources/extraResources/lightning-services/php-7.3.5+6/bin/win64/ext\php_php_pdo_mysql.dll.dll (指定されたモジュールが見つかりません。)) in Unknown on line 0
[08-Aug-2020 12:44:05 UTC] PHP Warning:  Use of undefined constant OPENSSL_VERSION_TEXT - assumed 'OPENSSL_VERSION_TEXT' (this will throw an Error in a future version of PHP) in Command line code on line 1
[08-Aug-2020 12:44:06 UTC] PHP Fatal error:  Uncaught Error: Call to undefined function mysql_connect() in C:\Users\kurum\Local Sites\tea-break\app\public\wp-includes\wp-db.php:1661
Stack trace:
#0 C:\Users\kurum\Local Sites\tea-break\app\public\wp-includes\wp-db.php(631): wpdb->db_connect()
#1 C:\Users\kurum\Local Sites\tea-break\app\public\wp-includes\load.php(426): wpdb->__construct('root', 'root', 'local', 'localhost')
#2 C:\Users\kurum\Local Sites\tea-break\app\public\wp-settings.php(126): require_wp_db()
#3 phar://C:/Users/kurum/AppData/Local/Programs/Local/resources/extraResources/bin/wp-cli/wp-cli.phar/vendor/wp-cli/wp-cli/php/WP_CLI/Runner.php(1237): require('C:\\Users\\kurum\\...')
#4 phar://C:/Users/kurum/AppData/Local/Programs/Local/resources/extraResources/bin/wp-cli/wp-cli.phar/vendor/wp-cli/wp-cli/php/WP_CLI/Runner.php(1158): WP_CLI\Runner->load_wordpress()
#5 phar://C:/Users/kurum/AppData/Local/Programs/Local/resources/extraResources/bin/wp-cli/wp-cli.phar/vendor/wp-cli/wp-cli/php/WP_CLI/Bootstrap/LaunchRunner.php(23): WP_CLI\Runner->sta in C:\Users\kurum\Local Sites\tea-break\app\public\wp-includes\wp-db.php on line 1661
